[   0.0000] niializg cgroup subys cset
[  0.000] Iniiazing cgroupsuys cpu
[    0.000000] Initializing cgroup subsys cpuacct
[    0.000000] Linux version 4.4.0-104-generic (buildd@lgw01-amd64-022) (gcc version 5.4.0 20160609 (Ubuntu 5.4.0-6ubuntu1~16.04.5) ) #127-Ubuntu SMP Mon Dec 11 12:16:42 UTC 2017 (Ubuntu 4.4.0-104.127-generic 4.4.98)
[   .000000] Command line: BOOT_IMAGE=/boot/vmlinuz-4.4.0-104-enri root=UID=ee8827e1-8636-41fb-29-982477f6ecroconslety consol=tyS0[    0.0000] ERNEsupprt cus:[   0.0000]   ntelGeineIel
   0.0000]  MDutheicD
[   .0000]  Ceaur Cenauaus
[  0.0000] 86fpuxsate_fft[2] 576xstatesizes[2]  6
[  0.0000] x/fpu: Supporting XSAVE feature 0x01: 'x87 floating point registers'
[    0.00000] 86/fpu: Supporting XSVEfeature 0x02: 'SSE registers'
[    0.000000] x/fpu: Supoin XSAVEfeure 0x04: 'AVX registers'
[    0.000000] x86/fpu: Eabedstate ftus 0x7,onext si is 32byte, ing 'sndard'fomat.
[   000000] x8fpu:sing'lzy'PUcontt wihe
[   .0000] e20 BIO-proviedphysalRAMma
    0000] BIS-20 [mem 0x0000000000000000-0x000000000009fbff] usable
[   0.0000] BOS820:[mm 000000000009f00-0x00000000009fff]eserved
  0.00000 BOS-e20[mem 00000000f000-00000000ffff] resrv
[    00000 BIOS82: mem 0000000000000x0000007feffff] usale[   0.0000] OSe820: [mem 0x000000007fff0000-0x000000007ffffff] APIdata
[    0.000000] BIOS-e820: [mem 0x00000000fec00000-0x00000fe00fff rservd    00000] OS-e820: [mem 0x0000000fee00000-0x00000000fee00fff] reserved    0.000000] BIOS-e820: [mem 0000000fffc0000-0x00000000ffffffff] reserved
[    0.000000] NX (Execute Disable) protecton: active
[   0.00000 SIOS 2.prsent
[    0.00000] Hypervisor detect: VM
[    0.000] e8: st_pn 0x7ff0ax_achpfn = x4000000
[   0.00000] MTRR: Disabled
[    0.000000] x86/PAT: MTRRs disabled, skipping PAT initialization too.
[    0.000] CPU MTRRs al blank - virtualized system.
[    0.000000] x86/PAT: Configuration [0-7]: WB  WT  UC- UC  W  T  C-C  
[   000000] found SMP MPabe atme0x0009fff0-00fff] mappe a[fff80009f0]
  0.00000 Sanning 1 areasfor w emorycoupion
   0.0000] AMISK:[mem 0x36234000-0x311ff]    0000] AC: Eay tae heckm vericationisabled[   0.0000] CPI:SDP 000000000000 0002 (v02 VOX )
   0.0000]ACI: XDT0x000000FFF0030 00003C (v01 VBOX   VBOXXSDT 0000001AS 000006)
[  0.0000] CPI: CP 000000007FFF0F0000F4 (04BOX  VBOFA 000001 ASL  00000061)
[   0.000000ACP: DS 0000007FF47001FF (2 VBX VBOXBIOS00002 TL 20028)
[   000000 API: CS0x0000007FF020 0040
   0.000] ACP: FS x0000000FF0200 0000
[   0.000000AC: APC x0000007FF240 005C (02BO   VBAPIC000000AS  000001)
[  0.0000 ACPISS 0x0000007FFA0 001C (v01 VBOX   VXCPU000002 INTL 20100528)
[    0.000000] No NUMA configuration found
[    0.00000] aknga no at [mem0x00000000000x000000ffeff]
[   00000]NO_DTA(0alocat [mem0xffeb0-0xffffff][    00000] m-clk: Ungmsrsb54d01 ndb54d
[   0.0000] vmlock:cpu 0, msr 0:7ffe3001, primary cpu clock
[    0.000000] kvm-clock: using sched offset of 3633203130 cycles
[    0.000000] clocksource: kvm-clock: mask: 0xffffffffffffffff max_cycles: 0x1cd42e4dffb, max_idle_ns: 881590591483 ns
[    0.000000] Zone ranges:
[    0.000000]   DMA      [mem 0x0000000000001000-0x0000000000ffffff]
[    0.000000]   DMA32    [mem 0x0000000001000000-0x000000007ffeffff]
[    0.000000]   Normal   empty
[    0.000000]   Devce  emy
[  000000 Mable zone sar forea nod
[  0.0000] Eay memor nde rang
[   000000   nde  0: [mem 0x00000000000000x000000009ff]
[   .00000   ne   : mem 00000001000-0x000000ffffff
    0.0000Initemetp de 0mem 0x00000000001000-0x000007ffefff]
[    0000] CPI:M-TierIO Pt: 0408
[  0.0000] IOPI0]: piid , verion 32, address 0xfec00000, GSI 0-23
[   0.00000]ACPI: INT_SRC_OVR (bus 0 bus_irq 0 global_irq 2 dfl dfl)
[    0.000000] ACPI: INT_SRC_OVR (bus 0 bus_irq 9 global_irq 9 low level)
[    0.000000] Using ACPI (MADT) for SMP configuration information
[    0.000000] smpboot: Allowing 2 CPUs, 0 hotplug CPUs
[    0.000000] PM: Registered nosave memory: [mem 0x00000000-0x00000fff]
[    0.00000] PM: Registered nosave memory: [mem 0x0009f00-0x0009ffff]
[   00000 P: gitered nosave memory: [mem 0x00a00-0x00fff]
[    0.00000] M: Riserd nosave emry: [mem0x00f0000x00fff]
  0.000]e82 [em0x0000000xebffff] availabl f PI devis
[  0.0000] Boti parirtuiz kerl on KVM
[   0.000000] clocksorc refediffiesma: 0xffff m_cyces 0xfffff, x_le_n: 4519021158 s
[   .000] tup_rcu: NCPS:12 nr_cpusk_bits:51nrpu_is:nr_node_ids:1
[   0.000] ERCP Ebedd 33 pages/cu @ffff88007fc000s9200r82 d287 u1057
[  0.0000] Pqsinlock hshabe enie: 25(order: 0, 4096 bytes)
[    00000]Built 1 zoneliss  Nod ord, mobiliy oupi o.  Totl ge: 515961[   0.0000 Poliy zone: MA32
[    0.000000] Kernl ommand line: BOOT_MAGE=/boot/vmlinuz-4.4.0-104-generic rootUUID=ee827e186361f9829-982477f6eec9 ro console=ty1onsoe=ttyS0
[    0.000000] PID hash table entries: 4096 (order: 3, 32768 bytes)
[    0.000000] Memory: 2029540K/2096696K available (8485K kernel code, 1295K rwdata, 3988K rodata, 1492K init, 1316Kbss, 67156K reserved, 0K cma-reserved)
[    0.000000] SLUB: HWalign=64, Order=0-3, MinObjects=0, CPUs=2, Nodes=1
[   0000000] Hierarchical RCU implementation.
[   000000] 	Build-timadjustentof leaf fanout to 64.
[    0.000000] 	RCU restricting CPUsfrom _CUS=512 to nr_cpu_ids=2.
[    0.000000] RCU Ausin geometryfor rcu_fanout_leaf=64, nr_cpu_ids=2
[    0.000000] NR_IRQS:33024 nr_iqs:440 16
[    0.000000] Console: colour VGA+ 80x25
[    000000] conol [tty1 ebled
[    0.000] console [ttyS0 eable
  0.000000] tsc: Detected 2904.000 MHz processor
[   20.089209] Calibrating delay loop (skipped) preset value.. 5808.00 BogoMIPS (lpj=11616000)
[   20.151709] pid_max: default: 32768 minimum: 301
[   20.157795] ACPI: Core revision 20150930
[   20.240541] ACPI: 2 ACPI AML tables successfully acquired and loaded
[   20.357855] Security Framework initialized
[   20.456003] Yama: becoming mindful.
[   20.519605] AppArmor: AppArmor initialized
[   20.606519] Dentry cache hash table entries: 262144 (order: 9, 2097152 bytes)
[   20.636278] Inode-cache hash table entries: 131072 (order: 8, 1048576 bytes)
[   20.759379] Mount-cache hash table entries: 4096 (order: 3, 32768 bytes)
[   20.804473] Mountpoint-cache hash table entries: 4096 (order: 3, 32768 bytes)
[   20.902197] Initializing cgroup subsys io
[   21.000348] Initializing cgroup subsys memory
[   21.094660] Initializing cgroup subsys devices
[   21.142595] Initializing cgroup subsys freezer
[   21.201000] Initializing cgroup subsys net_cls
[   21.203461] Initializing cgroup subsys perf_event
[   21.303491] Initializing cgroup subsys net_prio
[   21.386825] Initializing cgroup subsys hugetlb
[   21.450284] Initializing cgroup subsys pids
[   21.559069] CPU: Physical Processor ID: 0
[   21.661888] CPU: Processor Core ID: 0
[   21.728614] mce: CPU supports 0 MCE banks
[   21.834430] Last level iTLB entries: 4KB 64, 2MB 8, 4MB 8
[   21.923463] Last level dTLB entries: 4KB 64, 2MB 0, 4MB 0, 1GB 4
[   21.965713] Freeing SMP alternatives memory: 32K
[   22.035265] ftrace: allocating 32158 entries in 126 pages
[   22.201349] smpboot: APIC(0) Converting physical 0 to logical package 0
[   22.305041] smpboot: Max logical packages: 1
[   22.403114] x2apic enabled
[   22.459990] Switched APIC routing to physical x2apic.
[   22.580216] ..TIMER: vector=0x30 apic1=0 pin1=2 apic2=-1 pin2=-1
[   22.813846] smpboot: CPU0: Intel(R) Core(TM) i7-7500U CPU @ 2.70GHz (family: 0x6, model: 0x8e, stepping: 0x9)
[   23.021100] Performance Events: unsupported p6 CPU model 142 no PMU driver, software events only.
[   23.219562] KVM setup paravirtual spinlock
[   23.281621] x86: Booting SMP configuration:
[   23.362118] .... node  #0, CPUs:      #1
[   23.436547] kvm-clock: cpu 1, msr 0:7ffe3041, secondary cpu clock
[   23.449977] mce: CPU supports 0 MCE banks
[   23.475891] x86: Booted up 1 node, 2 CPUs
[   23.542095] smpboot: Total of 2 processors activated (11616.00 BogoMIPS)
[   23.617413] devtmpfs: initialized
[   23.644625] evm: security.selinux
[   23.666875] evm: security.SMACK64
[   23.674918] evm: security.SMACK64EXEC
[   23.708471] evm: security.SMACK64TRANSMUTE
[   23.711222] evm: security.SMACK64MMAP
[   23.730888] evm: security.ima
[   23.732483] evm: security.capability
[   23.741235] clocksource: jiffies: mask: 0xffffffff max_cycles: 0xffffffff, max_idle_ns: 7645041785100000 ns
[   23.777250] futex hash table entries: 512 (order: 3, 32768 bytes)
[   23.856703] pinctrl core: initialized pinctrl subsystem
[   23.965474] RTC time: 14:43:56, date: 12/18/17
[   24.034017] NET: Registered protocol family 16
[   24.106340] cpuidle: using governor ladder
[   24.226479] cpuidle: using governor menu
[   24.298210] PCCT header not found.
[   24.308604] ACPI: bus type PCI registered
[   24.329263] acpiphp: ACPI Hot Plug PCI Controller Driver version: 0.5
[   24.425236] PCI: Using configuration type 1 for base access
[   24.492715] ACPI: Added _OSI(Module Device)
[   24.571673] ACPI: Added _OSI(Processor Device)
[   24.658470] ACPI: Added _OSI(3.0 _SCP Extensions)
[   24.709443] ACPI: Added _OSI(Processor Aggregator Device)
[   24.739208] ACPI: Executed 1 blocks of module-level executable AML code
[   24.851980] ACPI: Interpreter enabled
[   24.933807] ACPI: (supports S0 S5)
[   24.978236] ACPI: Using IOAPIC for interrupt routing
[   25.045272] PCI: Using host bridge windows from ACPI; if necessary, use "pci=nocrs" and report a bug
[   25.180085] ACPI: PCI Root Bridge [PCI0] (domain 0000 [bus 00-ff])
[   25.292948] acpi PNP0A03:00: _OSC: OS supports [ASPM ClockPM Segments MSI]
[   25.386420] acpi PNP0A03:00: _OSC: not requesting OS control; OS requires [ExtendedConfig ASPM ClockPM MSI]
[   25.466887] acpi PNP0A03:00: fail to add MMCONFIG information, can't access extended PCI configuration space under this bridge.
[   25.620747] PCI host bridge to bus 0000:00
[   25.682342] pci_bus 0000:00: root bus resource [io  0x0000-0x0cf7 window]
[   25.793685] pci_bus 0000:00: root bus resource [io  0x0d00-0xffff window]
[   25.889101] pci_bus 0000:00: root bus resource [mem 0x000a0000-0x000bffff window]
[   26.008538] pci_bus 0000:00: root bus resource [mem 0x80000000-0xfdffffff window]
[   26.056575] pci_bus 0000:00: root bus resource [bus 00-ff]
[   26.092007] pci 0000:00:01.1: legacy IDE quirk: reg 0x10: [io  0x01f0-0x01f7]
[   26.110118] pci 0000:00:01.1: legacy IDE quirk: reg 0x14: [io  0x03f6]
[   26.126328] pci 0000:00:01.1: legacy IDE quirk: reg 0x18: [io  0x0170-0x0177]
[   26.135852] pci 0000:00:01.1: legacy IDE quirk: reg 0x1c: [io  0x0376]
[   26.198592] pci 0000:00:07.0: quirk: [io  0x4000-0x403f] claimed by PIIX4 ACPI
[   26.210620] pci 0000:00:07.0: quirk: [io  0x4100-0x410f] claimed by PIIX4 SMB
[   26.267533] ACPI: PCI Interrupt Link [LNKA] (IRQs 5 9 10 *11)
[   26.352320] ACPI: PCI Interrupt Link [LNKB] (IRQs 5 9 *10 11)
[   26.400652] ACPI: PCI Interrupt Link [LNKC] (IRQs 5 *9 10 11)
[   26.462828] ACPI: PCI Interrupt Link [LNKD] (IRQs 5 9 10 *11)
[   26.566800] ACPI: Enabled 2 GPEs in block 00 to 07
[   26.601609] vgaarb: setting as boot device: PCI:0000:00:02.0
[   26.619184] vgaarb: device added: PCI:0000:00:02.0,decodes=io+mem,owns=io+mem,locks=none
[   26.710339] vgaarb: loaded
[   26.756848] vgaarb: bridge control possible 0000:00:02.0
[   26.806003] SCSI subsystem initialized
[   26.870371] ACPI: bus type USB registered
[   26.903550] usbcore: registered new interface driver usbfs
[   26.991905] usbcore: registered new interface driver hub
[   27.037864] usbcore: registered new device driver usb
[   27.060721] PCI: Using ACPI for IRQ routing
[   27.091015] NetLabel: Initializing
[   27.098508] NetLabel:  domain hash size = 128
[   27.103562] NetLabel:  protocols = UNLABELED CIPSOv4
[   27.127257] NetLabel:  unlabeled traffic allowed by default
[   27.147968] amd_nb: Cannot enumerate AMD northbridges
[   27.163632] clocksource: Switched to clocksource kvm-clock
[   27.232028] AppArmor: AppArmor Filesystem Enabled
  27.29622] pnp: PnP ACPI iit
[   7.81] p:nPCP: un3 eves
[   27.953444] clocksource: acpi_pm: mask: 0xffffff max_cycles: 0xffffff, max_idle_ns: 2085701024 ns
[   28.090107] NET: Registered protocol family 2
[   28.125490] TCP established hash table entries: 16384 (order: 5, 131072 bytes)
[   28.153045] TCP bind hash table entries: 16384 (order: 6, 262144 bytes)
[   28.174615] TCP: Hash tables configured (established 16384 bind 16384)
[   28.180616] UDP hash table entries: 1024 (order: 3, 32768 bytes)
[   28.182682] UDP-Lite hash table entries: 1024 (order: 3, 32768 bytes)
[   28.190562] NET: Registered protocol family 1
[   28.192730] pci 0000:00:00.0: Limiting direct PCI/PCI transfers
[   28.197205] pci 0000:00:01.0: Activating ISA DMA hang workarounds
[   28.215402] Unpacking initramfs...
[   28.526711] Freeing initrd memory: 15224K
[   28.536112] platform rtc_cmos: registered platform RTC device (no PNP device found)
[   28.616194] Scanning for low memory corruption every 60 seconds
[   28.692644] audit: initializing netlink subsys (disabled)
[   28.804912] audit: type=2000 audit(1513608219.768:1): initialized
[   28.912713] Initialise system trusted keyring
[   28.979912] HugeTLB registered 2 MB page size, pre-allocated 0 pages
[   29.106366] zbud: loaded
[   29.140198] VFS: Disk quotas dquot_6.6.0
[  21467 VFS: qu-cache hash tablenie 51 (order 0, 4096 bytes)
[ 29469]scReneTSclksrccaibraion:29.8 M

[   30.582904] clockur: c:as 0ffffffffma_cles:0xd7b556bmaid_n 4792804ns
[   0.37] quashfs: erio4.(2009011)hiipouer
[   30.584320] fuse init (API version 7.23)
[   30.584577] Key type big_key registered
[   30.584615] Allocating IMA MOK and blacklist keyrings.
[   30.585035] Key type asymmetric registered
[   30.585047] Asymmetric key parser 'x509' registered
[   30.585120] Block layer SCSI generic (bsg) driver version 0.4 loaded (major 249)
[   30.585203] io scheduler noop registered
[   30.585209] io scheduler deadline registered (default)
[   30.585296] io scheduler cfq registered
[   30.585447] pci_hotplug: PCI Hot Plug PCI Core version: 0.5
[   30.585455] pciehp: PCI Express Hot Plug Controller Driver version: 0.4
[   30.585658] ACPI: AC Adapter [AC] (off-line)
[   30.585740] input: Power Button as /devices/LNXSYSTM:00/LNXPWRBN:00/input/input0
[   30.585744] ACPI: Power Button [PWRF]
[   30.585859] input: Sleep Button as /devices/LNXSYSTM:00/LNXSLPBN:00/input/input1
[   30.585862] ACPI: Sleep Button [SLPF]
[   30.586096] GHES: HEST is not enabled!
[   30.586230] Serial: 8250/16550 driver, 32 ports, IRQ sharing enabled
[   31.993492] 00:02: ttyS0 at I/O 0x3f8 (irq = 4, base_baud = 115200) is a 16550A
[   32.689487] Linux agpgart interface v0.103
[   32.769413] loop: module loaded
[   32.769917] scsi host0: ata_piix
[   32.769969] scsi host1: ata_piix
[   32.769999] ata1: PATA max UDMA/33 cmd 0x1f0 ctl 0x3f6 bmdma 0xd000 irq 14
[   32.770000] ata2: PATA max UDMA/33 cmd 0x170 ctl 0x376 bmdma 0xd008 irq 15
[   32.770072] libphy: Fixed MDIO Bus: probed
[   32.770074] tun: Universal TUN/TAP device driver, 1.6
[   32.770075] tun: (C) 1999-2004 Max Krasnyansky <maxk@qualcomm.com>
[   32.770110] PPP generic driver version 2.4.2
[   32.770158] ehci_hcd: USB 2.0 'Enhanced' Host Controller (EHCI) Driver
[   32.770162] ehci-pci: EHCI PCI platform driver
[   32.770175] ehci-platform: EHCI generic platform driver
[   32.770182] ohci_hcd: USB 1.1 'Open' Host Controller (OHCI) Driver
[   32.770186] ohci-pci: OHCI PCI platform driver
[   32.770193] ohci-platform: OHCI generic platform driver
[   32.770200] uhci_hcd: USB Universal Host Controller Interface driver
[   32.770249] i8042: PNP: PS/2 Controller [PNP0303:PS2K,PNP0f03:PS2M] at 0x60,0x64 irq 1,12
[   32.771129] ACPI: Battery Slot [BAT0] (battery present)
[   32.856380] serio: i8042 KBD port at 0x60,0x64 irq 1
[   32.856388] serio: i8042 AUX port at 0x60,0x64 irq 12
[   32.856547] mousedev: PS/2 mouse device common for all mice
[   32.856856] rtc_cmos rtc_cmos: rtc core: registered rtc_cmos as rtc0
[   32.856914] rtc_cmos rtc_cmos: alarms up to one day, 114 bytes nvram
[   32.856921] i2c /dev entries driver
[   32.856980] device-mapper: uevent: version 1.0.3
[   32.857037] device-mapper: ioctl: 4.34.0-ioctl (2015-10-28) initialised: dm-devel@redhat.com
[   32.857053] ledtrig-cpu: registered to indicate activity on CPUs
[   32.857351] NET: Registered protocol family 10
[   32.857499] NET: Registered protocol family 17
[   32.857509] Key type dns_resolver registered
[   32.896860] microcode: CPU0 sig=0x806e9, pf=0x8, revision=0x0
[   32.896951] microcode: CPU1 sig=0x806e9, pf=0x8, revision=0x0
[   32.897007] microcode: Microcode Update Driver: v2.01 <tigran@aivazian.fsnet.co.uk>, Peter Oruba
[   32.897129] registered taskstats version 1
[   32.897145] Loading compiled-in X.509 certificates
[   32.897758] Loaded X.509 cert 'Build time autogenerated kernel key: 8537ad706776f532219d7336343c968b9f82f7c7'
[   32.897777] zswap: loaded using pool lzo/zbud
[   32.899133] Key type trusted registered
[   32.902794] Key type encrypted registered
[   32.902804] AppArmor: AppArmor sha1 policy hashing enabled
[   32.902807] ima: No TPM chip found, activating TPM-bypass!
[   32.902834] evm: HMAC attrs: 0x1
[   32.903168]   Magic number: 13:558:738
[   32.960789] rtc_cmos rtc_cmos: setting system clock to 2017-12-18 14:44:05 UTC (1513608245)
[   32.961000] BIOS EDD facility v0.16 2004-Jun-25, 0 devices found
[   32.961001] EDD information not available.
[   33.178200] input: AT Translated Set 2 keyboard as /devices/platform/i8042/serio0/input/input2
[   36.386106] Freeing unused kernel memory: 1492K
[   36.444661] Write protecting the kernel read-only data: 14336k
[   36.603646] Freeing unused kernel memory: 1744K
[   36.723386] Freeing unused kernel memory: 108K
Loading, please [   36.848319] random: systemd-udevd: uninitialized urandom read (16 bytes read, 7 bits of entropy available)
wait...
startin[   36.849173] random: udevadm: uninitialized urandom read (16 bytes read, 7 bits of entropy available)
g version 229
[   36.849190] random: udevadm: uninitialized urandom read (16 bytes read, 7 bits of entropy available)
[   36.859498] random: udevadm: uninitialized urandom read (16 bytes read, 7 bits of entropy available)
[   36.859546] random: udevadm: uninitialized urandom read (16 bytes read, 7 bits of entropy available)
[   36.859699] random: udevadm: uninitialized urandom read (16 bytes read, 7 bits of entropy available)
[   36.859759] random: udevadm: uninitialized urandom read (16 bytes read, 7 bits of entropy available)
[   36.859816] random: udevadm: uninitialized urandom read (16 bytes read, 7 bits of entropy available)
[   36.859872] random: udevadm: uninitialized urandom read (16 bytes read, 7 bits of entropy available)
[   36.859928] random: udevadm: uninitialized urandom read (16 bytes read, 7 bits of entropy available)
[   37.295736] e1000: Intel(R) PRO/1000 Network Driver - version 7.3.21-k8-NAPI
[   37.332947] e1000: Copyright (c) 1999-2006 Intel Corporation.
[   37.362042] Fusion MPT base driver 3.04.20
[   37.372762] Copyright (c) 1999-2008 LSI Corporation
[   37.416856] Fusion MPT SPI Host driver 3.04.20
[   37.532429] AVX2 version of gcm_enc/dec engaged.
[   37.541306] AES CTR mode by8 optimization enabled
[   37.805621] input: ImExPS/2 Generic Explorer Mouse as /devices/platform/i8042/serio1/input/input4
[   37.879415] e1000 0000:00:03.0 eth0: (PCI:33MHz:32-bit) 02:53:17:3c:de:80
[   37.879421] e1000 0000:00:03.0 eth0: Intel(R) PRO/1000 Network Connection
[   37.994390] mptbase: ioc0: Initiating bringup
[   38.056141] ioc0: LSI53C1030 A0: Capabilities={Initiator}
[   38.243508] scsi host2: ioc0: LSI53C1030 A0, FwRev=00000000h, Ports=1, MaxQ=256, IRQ=20
[   38.508100] scsi 2:0:0:0: Direct-Access     VBOX     HARDDISK         1.0  PQ: 0 ANSI: 5
[   38.541763] scsi target2:0:0: Beginning Domain Validation
[   38.547504] scsi target2:0:0: Domain Validation skipping write tests
[   38.567083] scsi target2:0:0: Ending Domain Validation
[   38.582881] scsi target2:0:0: asynchronous
[   38.602072] scsi 2:0:1:0: Direct-Access     VBOX     HARDDISK         1.0  PQ: 0 ANSI: 5
[   38.642991] scsi target2:0:1: Beginning Domain Validation
[   38.660507] scsi target2:0:1: Domain Validation skipping write tests
[   38.720974] scsi target2:0:1: Ending Domain Validation
[   38.778738] scsi target2:0:1: asynchronous
[   38.836314] sd 2:0:0:0: Attached scsi generic sg0 type 0
[   38.849750] sd 2:0:0:0: [sda] 20971520 512-byte logical blocks: (10.7 GB/10.0 GiB)
[   38.901708] sd 2:0:1:0: [sdb] 20480 512-byte logical blocks: (10.5 MB/10.0 MiB)
[   38.958367] sd 2:0:1:0: Attached scsi generic sg1 type 0
[   38.996963] e1000 0000:00:08.0 eth1: (PCI:33MHz:32-bit) 08:00:27:be:6c:d9
[   38.996969] e1000 0000:00:08.0 eth1: Intel(R) PRO/1000 Network Connection
[   39.063380] e1000 0000:00:03.0 enp0s3: renamed from eth0
[   39.327977] sd 2:0:1:0: [sdb] Write Protect is off
[   39.452622] sd 2:0:0:0: [sda] Write Protect is off
[   39.500600] e1000 0000:00:08.0 enp0s8: renamed from eth1
[   39.605041] sd 2:0:1:0: [sdb] Incomplete mode parameter data
[   39.727419] sd 2:0:1:0: [sdb] Assuming drive cache: write through
[   39.809515] sd 2:0:0:0: [sda] Incomplete mode parameter data
[   39.834063] sd 2:0:0:0: [sda] Assuming drive cache: write through
[   39.853814]  sda: sda1
[   39.874926] sd 2:0:0:0: [sda] Attached SCSI disk
[   39.877800] sd 2:0:1:0: [sdb] Attached SCSI disk
[   40.497316] floppy0: no floppy controllers found
[   41.359357] work still pending
Begin: Loading e[   42.820096] md: linear personality registered for level -1
ssential drivers[   42.907005] md: multipath personality registered for level -4
 ... [   43.032017] md: raid0 personality registered for level 0
[   43.143583] md: raid1 personality registered for level 1
[   43.240080] raid6: sse2x1   gen()  5045 MB/s
[   43.344265] raid6: sse2x1   xor()  4680 MB/s
[   43.459647] raid6: sse2x2   gen() 13201 MB/s
[   43.603719] raid6: sse2x2   xor()  6949 MB/s
[   43.736006] raid6: sse2x4   gen()  9843 MB/s
[   43.888030] raid6: sse2x4   xor()  5476 MB/s
[   44.035704] raid6: avx2x1   gen() 14834 MB/s
[   44.215815] raid6: avx2x2   gen() 12174 MB/s
[   44.372002] raid6: avx2x4   gen() 14642 MB/s
[   44.459649] raid6: using algorithm avx2x1 gen() 14834 MB/s
[   44.567827] raid6: using avx2x2 recovery algorithm
[   44.627672] xor: automatically using best checksumming function:
[   44.727669]    avx       : 20600.000 MB/sec
[   44.809535] async_tx: api initialized (async)
[   44.878662] md: raid6 personality registered for level 6
[   45.018225] md: raid5 personality registered for level 5
[   45.172211] md: raid4 personality registered for level 4
[   45.283960] md: raid10 personality registered for level 10
done.
Begin: Running /scripts/init-p[   45.447729] Btrfs loaded
remount ... done.
Begin: Mounti[   45.557358] EXT4-fs (sda1): mounted filesystem with ordered data mode. Opts: (null)
ng root file system ... Begin: Running /scripts/local-top ... done.
Begin: Running /scripts/local-premount ... SSanning for Btrfs filesystems
done.
Warning: fsck not present, so skipping root file system
done.
Begin: Running /scripts/local-bottom ... done.
Begin: Running /scripts/init-bottom ... done.
[   41598 sstemd[1]: ysmd29ruingn system mode.(+M AUT ELUXIMA +PAORSMK YSINIT UT +LIBCRTSETUP +GCRYPT +GNUTLS +ACL +XZ -LZ4 +SECCOMP +BLKID +LFUTIL+KD DN
[  46723syem1]Dect vtulitin rae.
[   48.496348] systemd[1]: Detected architecture x8-64.

Welcome to [1mUbuntu 16.04.3 LTS[0m!

[ 4902746] systemd[1]: ethona t<uun-xia.
[   50.387057] random: nonblocking pool is initialized
[ 505260] stemd[1]: Listening on /dev/initctl Compatibility Named Pipe.
[[0;32m  OK  [0m] Listening on /dev/initctl Compatibility Named Pipe.
[   514560syem1]Lieng  Jrn Soke(/devlo.
[[0;32m  OK  [0m] Listening on Journal Socket (/dev/log).
[   52.31305] ste[1 Rch tgeUs a GupamLoup

[[0;32m  OK  [0m] Reached target User and Group Name Lookups.
[ 53.4463] sytemd[: stinoneve-pp entaen FO
[[0;32m  OK  [0m] Listening on Device-mapper event daemon FIFOs.
[ 54045]ysmd[1]: Rch tgeEnyped Vome. [[0;32m  OK  [0m] Reached target Encrypted Volumes.
[   5.69] std[: Racd rg Sp.
[[0;32m  OK  [0m] Reached target Swap.
[ 5696320]sysem1] Set up automountrbray Excuab Fe rms leysm toou Pnt

[[0;32m  OK  [0m] Set up automount Arbitrary Executab...ats File System Automount Point.
[  57.16133 sted[: stinondeKeeloct.
[[0;32m  OK  [0m] Listening on udev Kernel Socket.
[ 58.13660syemd[]: Sard igeresvcnf uat f nwod S.
[[0;32m  OK  [0m] Started Trigger resolvconf update for networkd DNS.
[ 59.6998] systed[]: Ltengn M2oldaonoct.
[[0;32m  OK  [0m] Listening on LVM2 poll daemon socket.
[ 60800] systmd]:Crtesle User and Session Slice.
[[0;32m  OK  [0m] Created slice User and Session Slice.
[   6.63814 ste[1: ard rwd ssrdeqsts  Wl reorWah.
[[0;32m  OK  [0m] Started Forward Password Requests to Wall Directory Watch.
[ 61968]ysmd]:isnig on udev Contro Ske
[[0;32m  OK  [0m] Listening on udev Control Socket.
[   62.792779]syem1]Cratd icSyteSle.
[[0;32m  OK  [0m] Created slice System Slice.
[ 63019]ysmd]: Rachetaetlis.
[[0;32m  OK  [0m] Reached target Slices.
[ 64202] stmd[1]: Listing on Sylo Ske
[[0;32m  OK  [0m] Listening on Syslog Socket.
[ 64658]ysmd]:reted slic steseal2dttslic.
[[0;32m  OK  [0m] Created slice system-serial\x2dgetty.slice.
[  69433syem1]Listeningonoual ud Socet
[[0;32m  OK  [0m] Listening on Journal Audit Socket.
[  68244syem1]Lieng on Journal Socket.
[[0;32m  OK  [0m] Listening on Journal Socket.
[   67.452625] systemd[1]: Mounting Debug File System...
         Mounting Debug File System...
[   67.624740] systemd[1]: Starting Load Kernel Modules...
         [   67.733968] Loading iSCSI transport class v2.0-870.
Starting Load Kernel Modules...[   67.892942] iscsi: registered transport (tcp)

[   68.015812] systemd[1]: Mounting POSIX Message Queue File System...
         [   68.127113] iscsi: registered transport (iser)
Mounting POSIX Message Queue File System...
[   68.272184] systemd[1]: Starting Set console keymap...
         Starting Set console keymap...
[   68.428031] systemd[1]: Starting Create list of required static device nodes for the current kernel...
         Starting Create list of required st... nodes for the current kernel...
[   68.756323] systemd[1]: Mounting Huge Pages File System...
         Mounting Huge Pages File System...
[   68.952976] systemd[1]: Starting Journal Service...
         Starting Journal Service...
[   69.124762] systemd[1]: Starting Remount Root and Kernel File Systems...
         [   69.223181] EXT4-fs (sda1): re-mounted. Opts: (null)
Starting Remount Root and Kernel File Systems...
[   69.377371] systemd[1]: Starting Nameserver information manager...
         Starting Nameserver information manager...
[   69.604541] systemd[1]: Starting Uncomplicated firewall...
         Starting Uncomplicated firewall...
[ 69059]systemd[: isningonLV mada damosock.
[[0;32m  OK  [0m] Listening on LVM2 metadata daemon socket.
[   70.564374] systemd[1]: Starting Monitoring of LVM2 mirrors, snapshots etc. using dmeventd or progress polling...
         Starting Monitoring of LVM2 mirrors... dmeventd or progress polling...
[   70.888004] systemd[1]: Mounted Huge Pages FileeSystem.
[[0;32m  OK  [0m] Mounted Huge Pages File System.
[ 71879] sysmd1]: MountedDeg FileSytem
[[0;32m  OK  [0m] Mounted Debug File System.
[ 71.5998] std[1]: Mounted POSIX Message Queue File ysm.
[[0;32m  OK  [0m] Mounted POSIX Message Queue File System.
[ 721170] ystemd[1]: Strted Journl Sevie.
[[0;32m  OK  [0m] Started Journal Service.
[[0;32m  OK  [0m] Started Load Kernel Modules.
[[0;32m  OK  [0m] Started Set console keymap.
[[0;32m  OK  [0m] Started Create list of required sta...ce nodes for the current kernel.
[[0;32m  OK  [0m] Started Remount Root and Kernel File Systems.
[[0;32m  OK  [0m] Started Uncomplicated firewall.
[[0;32m  OK  [0m] Started Nameserver information manager.
[[0;32m  OK  [0m] Started LVM2 metadata daemon.
         Starting udev Coldplug all Devices...
         Starting Load/Save Random Seed...
         Starting Initial cloud-init job (pre-networking)...
         Starting Create Static Device Nodes in /dev...
         Mounting FUSE Control File System...
         Starting Apply Kernel Variables...
         Starting Flush Journal to Persistent Storage...
[[0;32m  OK  [0m] Mounted FUSE Control File System.
[[0;32m  OK  [0m] Started Monitoring of LVM2 mirrors,...ng dmeventd or progress polling.
[[0;32m  OK  [0m] Started Load/Save Random Seed.
[[0;32m  OK  [0m] Started Create Static Device Nodes in /dev.
[[0;32m  OK  [0m] Started Apply Kernel Variables.
[[0;32m  OK  [0m] Started udev Coldplug all Devices.
[[0;32m  OK  [0m] Started Flush Journal to Persistent Storage.
         Starting udev Kernel Device Manager...
[[0;32m  OK  [0m] Started udev Kernel Device Manager.
[[0;32m  OK  [0m] Started Dispatch Password Requests to Console Directory Watch.
[[0;32m  OK  [0m] Reached target Local File Systems (Pre).
[[0;32m  OK  [0m] Reached target Local File Systems.
[   48.617109] cloud-init[451]: Cloud-init v. 0.7.9 running 'init-local' at Mon, 18 Dec 2017 14:44:47 +0000. Up 48.21 seconds.
         Starting Tell Plymouth To Write Out Runtime Data...
         Starting LSB: AppArmor initialization...
         Starting Create Volatile Files and Directories...
         Starting Set console font and keymap...
[[0;32m  OK  [0m] Started Tell Plymouth To Write Out Runtime Data.
[[0;32m  OK  [0m] Started Create Volatile Files and Directories.
[[0;32m  OK  [0m] Started Initial cloud-init job (pre-networking).
[[0;32m  OK  [0m] Started Set console font and keymap.
[[0;32m  OK  [0m] Found device /dev/ttyS0.
[[0;32m  OK  [0m] Listening on Load/Save RF Kill Switch Status /dev/rfkill Watch.
[[0;32m  OK  [0m] Created slice system-getty.slice.
[[0;32m  OK  [0m] Reached target Network (Pre).
[[0;32m  OK  [0m] Reached target System Time Synchronized.
         Starting Update UTMP about System Boot/Shutdown...
[[0;32m  OK  [0m] Started LSB: AppArmor initialization.
         Starting Raise network interfaces...
[[0;32m  OK  [0m] Started ifup for enp0s8.
[[0;32m  OK  [0m] Started ifup for enp0s3.
[[0;32m  OK  [0m] Started Update UTMP about System Boot/Shutdown.
[[0;32m  OK  [0m] Started Raise network interfaces.
[[0;32m  OK  [0m] Reached target Network.
         Starting Initial cloud-init job (metadata service crawler)...
[   52.384727] cloud-init[1052]: Cloud-init v. 0.7.9 running 'init' at Mon, 18 Dec 2017 14:44:51 +0000. Up 52.06 seconds.
[   52.569217] cloud-init[1052]: ci-info: ++++++++++++++++++++++++++++++++++++++Net device info++++++++++++++++++++++++++++++++++++++
[   52.569837] cloud-init[1052]: ci-info: +--------+------+-----------------------------+---------------+-------+-------------------+
[[0;32m  OK  [0m] Started Initial cloud-init job (metadata service crawler).
[   52.570014] cloud-init[1052]: ci-info: | Device |  Up  |           Address           |      Mask     | Scope |     Hw-Address    |
[   53.114276] cloud-init[1052]: ci-info: +--------+------+-----------------------------+---------------+-------+-------------------+
[   53.157428] cloud-init[1052]: ci-info: |   lo   | True |          127.0.0.1          |   255.0.0.0   |   .   |         .         |
[   53.157804] cloud-init[1052]: ci-info: |   lo   | True |           ::1/128           |       .       |  host |         .         |
[[0;32m  OK  [0m] Reached target Cloud-config availability.
[   53.158065] cloud-init[1052]: ci-info: | enp0s8 | True |        192.168.33.10        | 255.255.255.0 |   .   | 08:00:27:be:6c:d9 |
[   53.861186] cloud-init[1052]: ci-info: | enp0s8 | True | fe80::a00:27ff:febe:6cd9/64 |       .       |  link | 08:00:27:be:6c:d9 |
[[0;32m  OK  [0m] Reached target Network is Online.
[   53.861286] cloud-init[1052]: ci-info: | enp0s3 | True |          10.0.2.15          | 255.255.255.0 |   .   | 02:53:17:3c:de:80 |
[   54.604880] cloud-init[1052]: ci-info: | enp0s3 | True |  fe80::53:17ff:fe3c:de80/64 |       .       |  link | 02:53:17:3c:de:80 |
[   54.605215] cloud-init[1052]: ci-info: +--------+------+-----------------------------+---------------+-------+-------------------+
         Starting iSCSI initiator daemon (iscsid)...
[   54.605372] cloud-init[1052]: ci-info: ++++++++++++++++++++++++++++Route IPv4 info++++++++++++++++++++++++++++
[   54.856867] cloud-init[1052]: ci-info: +-------+--------------+----------+---------------+-----------+-------+
[[0;32m  OK  [0m] Reached target System Initialization.
[   54.856945] cloud-init[1052]: ci-info: | Route | Destination  | Gateway  |    Genmask    | Interface | Flags |
[   55.172900] cloud-init[1052]: ci-info: +-------+--------------+----------+---------------+-----------+-------+
[   55.173193] cloud-init[1052]: ci-info: |   0   |   0.0.0.0    | 10.0.2.2 |    0.0.0.0    |   enp0s3  |   UG  |
[[0;32m  OK  [0m] Started Timer to automatically refresh installed snaps.
[[   55.173365] cloud-init[1052]: ci-info: |   1   |   10.0.2.0   | 0.0.0.0  | 255.255.255.0 |   enp0s3  |   U   |
[   55.464909] cloud-init[1052]: ci-info: |   2   | 192.168.33.0 | 0.0.0.0  | 255.255.255.0 |   enp0s8  |   U   |
[0;32m  OK  [0m] Started Daily Cleanup of Temporary Directories.
[   55.464995] cloud-init[1052]: ci-info: +-------+--------------+----------+---------------+-----------+-------+
[[0;32m  OK  [0m] Listening on UUID daemon activation socket.
         Starting LXD - unix socket.
[[0;32m  OK  [0m] Started ACPI Events Check.
[[0;32m  OK  [0m] Reached target Paths.
         Starting Socket activation for snappy daemon.
[[0;32m  OK  [0m] Listening on D-Bus System Message Bus Socket.
[[0;32m  OK  [0m] Listening on ACPID Listen Socket.
[[0;32m  OK  [0m] Started Daily apt download activities.
[[0;32m  OK  [0m] Started Daily apt upgrade and clean activities.
[[0;32m  OK  [0m] Reached target Timers.
[[0;32m  OK  [0m] Listening on LXD - unix socket.
[[0;32m  OK  [0m] Listening on Socket activation for snappy daemon.
[[0;32m  OK  [0m] Started iSCSI initiator daemon (iscsid).
         Starting Login to default iSCSI targets...
[[0;32m  OK  [0m] Reached target Sockets.
[[0;32m  OK  [0m] Reached target Basic System.
         Starting LSB: MD monitoring daemon...
         Starting LXD - container startup/shutdown...
         Starting Apply the settings specified in cloud-config...
         Starting /etc/rc.local Compatibility...
         Starting Snappy daemon...
         Starting OpenBSD Secure Shell server...
         Starting Accounts Service...
         Starting LSB: Record successful boot for GRUB...
         Starting System Logging Service...
[[0;32m  OK  [0m] Started Regular background program processing daemon.
[[0;32m  OK  [0m] Started ACPI event daemon.
[[0;32m  OK  [0m] Started Unattended Upgrades Shutdown.
         Starting Login Service...
[[0;32m  OK  [0m] Started Deferred execution scheduler.
[[0;32m  OK  [0m] Started FUSE filesystem for LXC.
[[0;32m  OK  [0m] Started D-Bus System Message Bus.
[[0;32m  OK  [0m] Started OpenBSD Secure Shell server.
[[0;32m  OK  [0m] Started Snappy daemon.
[[0;32m  OK  [0m] Started System Logging Service.
[[0;32m  OK  [0m] Started LXD - container startup/shutdown.
[[0;32m  OK  [0m] Started /etc/rc.local Compatibility.
[[0;32m  OK  [0m] Started Apply the settings specified in cloud-config.
[   57.764586] cloud-init[1116]: Cloud-init v. 0.7.9 running 'modules:config' at Mon, 18 Dec 2017 14:44:56 +0000. Up 57.51 seconds.
[[0;32m  OK  [0m] Started LSB: MD monitoring daemon.
[[0;32m  OK  [0m] Started Login to default iSCSI targets.
[[0;32m  OK  [0m] Started LSB: Record successful boot for GRUB.
[[0;32m  OK  [0m] Started Login Service.
         Starting Authenticate and Authorize Users to Run Privileged Tasks...
[[0;32m  OK  [0m] Reached target Remote File Systems (Pre).
[[0;32m  OK  [0m] Reached target Remote File Systems.
         Starting LSB: VirtualBox Linux Additions...
         Starting LSB: Set the CPU Frequency Scaling governor to "ondemand"...
         Starting Permit User Sessions...
         Starting LSB: daemon to balance interrupts for SMP systems...
         Starting LSB: automatic crash report generation...
[[0;32m  OK  [0m] Started Permit User Sessions.
[[0;32m  OK  [0m] Started Authenticate and Authorize Users to Run Privileged Tasks.
[[0;32m  OK  [0m] Started Accounts Service.
[[0;32m  OK  [0m] Started LSB: Set the CPU Frequency Scaling governor to "ondemand".
[[0;32m  OK  [0m] Started LSB: VirtualBox Linux Additions.
         Starting Terminate Plymouth Boot Screen...
         Starting Hold until boot process finishes up...
[[0;32m  OK  [0m] Started LSB: daemon to balance interrupts for SMP systems.
[[0;32m  OK  [0m] Started LSB: automatic crash report generation.
[[0;32m  OK  [0m] Started Terminate Plymouth Boot Screen.
[[0;32m  OK  [0m] Started Hold until boot process finishes up.
         Starting Set console scheme...
[[0;32m  OK  [0m] Started Getty on tty1.
[[0;32m  OK  [0m] Started Serial Getty on ttyS0.
[[0;32m  OK  [0m] Reached target Login Prompts.
[[0;32m  OK  [0m] Reached target Multi-User System.
         Starting Execute cloud user/final scripts...
[[0;32m  OK  [0m] Reached target Graphical Interface.
         Starting Update UTMP about System Runlevel Changes...
[[0;32m  OK  [0m] Started Set console scheme.
[[0;32m  OK  [0m] Started Update UTMP about System Runlevel Changes.
[   59.569144] cloud-init[1273]: Cloud-init v. 0.7.9 running 'modules:final' at Mon, 18 Dec 2017 14:44:58 +0000. Up 59.41 seconds.
[   59.620893] cloud-init[1273]: Cloud-init v. 0.7.9 finished at Mon, 18 Dec 2017 14:44:58 +0000. Datasource DataSourceNoCloud [seed=/dev/sdb][dsmode=net].  Up 59.56 seconds
[[0;32m  OK  [0m] Started Execute cloud user/final scripts.
[[0;32m  OK  [0m] Reached target Cloud-init target.

Ubuntu 16.04.3 LTS ubuntu-xenial ttyS0

ubuntu-xenial login: 