[   0.0000Initling coususycpet
[  00000] itlizi coup ssy cpu
   0.0000]niializg roupubs puac
    0.000] Luxveio4..004enric uid@lgw-a64022)gcverson.4.00160 (Ubtu.4.0ubntu16..5) #1-Ubuu MP M Dc 112::42 C 17 (un 4.4-1.17-geri4.4.8)[    .0000]omndli: OTIMAGEbo/vmluz4.4.10genec ot=UD=887e186-4fb-2982476e9 ro csoe=tt csole=yS
[  .0000]ERL uppoedpus:[   0.00]   te Gennetel   0.000   A AhentAM
[   0000]  enurCentrHuls[  0.00000x86/u:xstate_ofst[2]  6,xsta_ses[2  6
[  .00000x8fpu:uprtinXSE feur 01:x8 floin poi riste'    .000] x8fp Suprtng XVE feture0x: 'S risers'[   0.000] x86pu Spoin XSAV ftue 0x: VX regsts'
   000000]86fpu:Enle xste atur 0, onxtiz is 32yts, uin'sanda' format
  .0000]x8/fpu Uin 'az' FPU onxtswihe
    .000] 20BIOSrode phyic RAMma
    0000] BS-e20 [me 0000000000-0x0000009fffusble
  0.0000 BS-e820[m 0x0000000fc-00000000009ffff] reserved
[    0.000000] BIOS-e820: [mem 0x00000000000f0000-0x00000000000fffff] reserved
[    0.000000] BIOS-e820: [mem 0x0000000000100000-0x000000007ffeffff] usable
[    0.000000] BIOS-e820: [mem 0x000000007fff0000-0x000000007fffffff] ACPI data
[    0.000000] IOe80: me0x000000ec00-0x00000ec00f]eserd[   0.000] BOS82: me0x00000fe0000x000000fe0ff] rerd
[  00000]IO-e820: [m x0000000fc000-0x0000fffff]reseve
[   0000] N (ecte Dsae)protti: acte[    00000 SMBS .5 pset.
[  000000]yprvisr dteted:KV
   0000]e8: la_pfn 0ff0 ma_achpf = 0x400000
[   00000]MT: isale
[   00000 x86PA: TRRsisled,kiin PAT iniaizatio t.
[  00000]PUMTRRsal bank viualizedysm.
   0.00000] x6/ATConfguaton[0-7 W  T  UC U W  WTUCUC  
[   00000]fod SMP Mtale a[mm 0x00ff0-x09fff] pp at ff80009f0]
  0.0000] anning1 ea forlomemory orptn
[   0.0000 RMDK:mem 0x36234000x3111f][   0.0000 AI:Earl tlechecksm erictionisled[   0.0000ACPI:SD0x0000000E00 00024v0VBOX )[   0.000] ACI:SDT 0x000007F030 000 (01BO  VBXST 00001 SL  00061)
[   .0000 ACPI: FCP x000000007FFF00F0 000F4 (v04 VBOX  VBXFACP 000001 SL 00000)
[  .0000]AC: SDT 0x000007FF040 21F (v02 VBOX   VBOXBIOS 000000 INTL 20058)
[  00000] PIFACSx000007FF00 00040   0.000 ACP FS 0x000007FF0200040
[  000000]AC: PIC 0000007FFF240000 (02 VX VBOXPI000000 ASL000061
[    .0000 ACP ST 0x000007FFFA0001CCv0VBOX  BOPUT 000002INL 0152)
[  00000]  NMA cfiratin un
[   .00000 Fin aodat [me0x000000000000-0x0000007feffff
   0.00000] DEDATA) locad me 0x7fe000-7fffff
[    0.000000] kvm-clock: Using msrs 4b564d01 and 4b564d00
[    0.000000] kvm-clock: cpu 0, msr 0:7ffe3001, primary cpu clock
[   .00000kv-clo: ing heofset of387995cycees
[  00000] ocksure:kv-clo: sk: fffffffffff max_cyle 0cd42dfb,max_dlns 81559483 
   0000] Zo rges:
[  000000  A     me 0x0000000000x0000000fff]
[   00000] DM22   [m 0000000001000-0x00007ffeff
    .0000]  Nmal   emty
[    00000]   Deve empt
  0.000]ovabe nestrtoreachno
    .000] Eay emory od rng
    .000]  nod   [me 000000000000-x0000000009ef]
[  0.0000  node 0 [me0x0000000000-0x00007ffeff
[   .0000] Itm setupod 0 [m 00000000100-0000000ffff]
[    .00000 AI: PTier IO or 04008
[  0.000]OAPIC[: pic_id 2,vesin 32 ares xf000, GSI0-
[    00000] CPI: INT_RCOV(bus0 s_rq 0glalirq  d dl)
[   00000]CP: INT_RCVR (bus 0usrq9 gobl_rq9 ow lel
[  00000] in API(MDTfor MPcoigurti iformaon
[   00000] smoo Allwig CPs, 0holu CPU
[  0.0000 P: Rgited noveemory:me 0x00000-00000ff
[  0.0000] M:egisted noveemor [me0x09f00-009fff][  0.000] PM: egteed navmemory[m 0x00a000x00efff][  0.0000PM: Regiteed nsa mmory[m 0x000f0000-0x00fff
[  0.0000 e0:[mem x800000xbfff] valaleor PCIdeces
[  000000]oong prairalzed krn on M[    0000] ocource:rened-jiffies: mk:0xfffff ax_cle 0xfffff max_id_n: 64551900158 ns[   0.000] etp_pecp N_CPU51nrcpumk_its:51 ncpu_ds n_nod_is:
[   0.0000 PERPUEmedde 3paescp @fff8807f000 s9820 r19d277 u4876
[   00000]PVsplockhah ableenie: 25(oer: , 96ytes)[   0.00] Buit zoeliss  Nde orermoilitgrpingon Tta pages51591[    00000Poli ze: D32
[   00000] Krn cmman le:BOOTMA=/bootmluz-4.0104-neic rotUI=ee87e8636-41-92998476ec9 rocool=t1 nsle=tS0
[   0.000] P hashtale eri: 406 rd: 3,278 byes
[   00000 Memory: 0240/20969K ailale8485kenel od 195K rwta3988 rat, 49 iit 131 bs,6715K esved,0Kmareserved)
[    0.000000] SLUB: HWalign=64, rd=0-3, nOjects=0, CPUs=2, Nods=
   0.0000 Heraric RCUmpmentaio
    0000] 	Bldime djtmenofea fanuto 4.
[   00000	R rstricin CPUfromNRPU=512 o r_puid=2.   0.000] CU: djusng gomryfor u_noutle=6, nr_cpu_ids=2
[   00000 NIRQS3324nrrqs:0 
[  000000 Cnsle clourGA80x2
[  .00000cosole[t1]enabl
   00000conse ttyS] naed
[   .000000] tsc: Detected 2904.000 MHz processor
[   28.676793] Calibrating delay loop (skipped) preset value.. 5808.00 BogoMIPS (lpj=11616000)
[   28.865894] pid_max: default: 32768 minimum: 301
[   28.978519] ACPI: Core revision 20150930
[   29.029300] ACPI: 2 ACPI AML tables successfully acquired and loaded
[   29.156933] Security Framework initialized
[   29.244005] Yama: becoming mindful.
[   29.329444] AppArmor: AppArmor initialized
[   29.419510] Dentry cache hash table entries: 262144 (order: 9, 2097152 bytes)
[   29.605627] Inode-cache hash table entries: 131072 (order: 8, 1048576 bytes)
[   29.701295] Mount-cache hash table entries: 4096 (order: 3, 32768 bytes)
[   29.873802] Mountpoint-cache hash table entries: 4096 (order: 3, 32768 bytes)
[   29.908620] Initializing cgroup subsys io
[   30.010806] Initializing cgroup subsys memory
[   30.103034] Initializing cgroup subsys devices
[   30.198522] Initializing cgroup subsys freezer
[   30.295452] Initializing cgroup subsys net_cls
[   30.391298] Initializing cgroup subsys perf_event
[   30.499713] Initializing cgroup subsys net_prio
[   30.500416] Initializing cgroup subsys hugetlb
[   30.501081] Initializing cgroup subsys pids
[   30.501793] CPU: Physical Processor ID: 0
[   30.502411] CPU: Processor Core ID: 0
[   30.504031] mce: CPU supports 0 MCE banks
[   30.504695] Last level iTLB entries: 4KB 64, 2MB 8, 4MB 8
[   30.505463] Last level dTLB entries: 4KB 64, 2MB 0, 4MB 0, 1GB 4
[   30.508708] Freeing SMP alternatives memory: 32K
[   30.629912] ftrace: allocating 32158 entries in 126 pages
[   30.722044] smpboot: APIC(0) Converting physical 0 to logical package 0
[   30.772638] smpboot: Max logical packages: 1
[   30.805294] x2apic enabled
[   30.805983] Switched APIC routing to physical x2apic.
[   30.807675] ..TIMER: vector=0x30 apic1=0 pin1=2 apic2=-1 pin2=-1
[ 31.032626] smpboot: CPU0: Intel(R) Core(TM) i7-7500U CPU @ 2.70GHz (family: 0x6, model: 0x8e, stepping: 0x9)
[   31.268980] Performance Events: unsupported p6 CPU model 142 no PMU driver, software events only.
[   31.484877] KVM setup paravirtual spinlock
[   31.565654] x86: Booting SMP configuration:
[   31.662079] .... node  #0, CPUs:      #1
[   31.730426] kvm-clock: cpu 1, msr 0:7ffe3041, secondary cpu clock
[   31.770481] mce: CPU supports 0 MCE banks
[   31.795004] x86: Booted up 1 node, 2 CPUs
[   31.870918] smpboot: Total of 2 processors activated (11616.00 BogoMIPS)
[   31.984803] devtmpfs: initialized
[   32.020714] evm: security.selinux
[   32.083911] evm: security.SMACK64
[   32.147287] evm: security.SMACK64EXEC
[   32.232672] evm: security.SMACK64TRANSMUTE
[   32.297962] evm: security.SMACK64MMAP
[   32.385676] evm: security.ima
[   32.420261] evm: security.capability
[   32.483890] clocksource: jiffies: mask: 0xffffffff max_cycles: 0xffffffff, max_idle_ns: 7645041785100000 ns
[   32.686364] futex hash table entries: 512 (order: 3, 32768 bytes)
[   32.813011] pinctrl core: initialized pinctrl subsystem
[   32.830000] RTC time: 10:37:10, date: 12/18/17
[   32.872133] NET: Registered protocol family 16
[   32.986334] cpuidle: using governor ladder
[   33.077270] cpuidle: using governor menu
[   33.160207] PCCT header not found.
[   33.227920] ACPI: bus type PCI registered
[   33.316042] acpiphp: ACPI Hot Plug PCI Controller Driver version: 0.5
[   33.467187] PCI: Using configuration type 1 for base access
[   33.566375] ACPI: Added _OSI(Module Device)
[   33.634202] ACPI: Added _OSI(Processor Device)
[   33.716424] ACPI: Added _OSI(3.0 _SCP Extensions)
[   33.795115] ACPI: Added _OSI(Processor Aggregator Device)
[   33.896752] ACPI: Executed 1 blocks of module-level executable AML code
[   34.006316] ACPI: Interpreter enabled
[   34.104446] ACPI: (supports S0 S5)
[   34.187758] ACPI: Using IOAPIC for interrupt routing
[   34.238762] PCI: Using host bridge windows from ACPI; if necessary, use "pci=nocrs" and report a bug
[   34.332771] ACPI: PCI Root Bridge [PCI0] (domain 0000 [bus 00-ff])
[   34.432626] acpi PNP0A03:00: _OSC: OS supports [ASPM ClockPM Segments MSI]
[   34.585630] acpi PNP0A03:00: _OSC: not requesting OS control; OS requires [ExtendedConfig ASPM ClockPM MSI]
[   34.803276] acpi PNP0A03:00: fail to add MMCONFIG information, can't access extended PCI configuration space under this bridge.
[   34.950629] PCI host bridge to bus 0000:00
[   34.993059] pci_bus 0000:00: root bus resource [io  0x0000-0x0cf7 window]
[   35.135239] pci_bus 0000:00: root bus resource [io  0x0d00-0xffff window]
[   35.250925] pci_bus 0000:00: root bus resource [mem 0x000a0000-0x000bffff window]
[   35.397459] pci_bus 0000:00: root bus resource [mem 0x80000000-0xfdffffff window]
[   35.548045] pci_bus 0000:00: root bus resource [bus 00-ff]
[   35.675667] pci 0000:00:01.1: legacy IDE quirk: reg 0x10: [io  0x01f0-0x01f7]
[   35.819316] pci 0000:00:01.1: legacy IDE quirk: reg 0x14: [io  0x03f6]
[   35.964412] pci 0000:00:01.1: legacy IDE quirk: reg 0x18: [io  0x0170-0x0177]
[   36.014248] pci 0000:00:01.1: legacy IDE quirk: reg 0x1c: [io  0x0376]
[   36.058626] pci 0000:00:07.0: quirk: [io  0x4000-0x403f] claimed by PIIX4 ACPI
[   36.168365] pci 0000:00:07.0: quirk: [io  0x4100-0x410f] claimed by PIIX4 SMB
[   36.322864] ACPI: PCI Interrupt Link [LNKA] (IRQs 5 9 10 *11)
[   36.449489] ACPI: PCI Interrupt Link [LNKB] (IRQs 5 9 *10 11)
[   36.547780] ACPI: PCI Interrupt Link [LNKC] (IRQs 5 *9 10 11)
[   36.645285] ACPI: PCI Interrupt Link [LNKD] (IRQs 5 9 10 *11)
[   36.696441] ACPI: Enabled 2 GPEs in block 00 to 07
[   36.820893] vgaarb: setting as boot device: PCI:0000:00:02.0
[   36.933209] vgaarb: device added: PCI:0000:00:02.0,decodes=io+mem,owns=io+mem,locks=none
[   37.078417] vgaarb: loaded
[   37.115462] vgaarb: bridge control possible 0000:00:02.0
[   37.212749] SCSI subsystem initialized
[   37.277454] ACPI: bus type USB registered
[   37.356295] usbcore: registered new interface driver usbfs
[   37.457724] usbcore: registered new interface driver hub
[   37.566828] usbcore: registered new device driver usb
[   37.673081] PCI: Using ACPI for IRQ routing
[   37.712916] NetLabel: Initializing
[   37.760778] NetLabel:  domain hash size = 128
[   37.843106] NetLabel:  protocols = UNLABELED CIPSOv4
[   37.938886] NetLabel:  unlabeled traffic allowed by default
[   38.021677] amd_nb: Cannot enumerate AMD northbridges
[   38.109116] clocksource: Switched to clocksource kvm-clock
[   381611Aprm: pAorilyste Ebl
  8.54] p:nPCPin
  9.35] p:nPCPI: ou 3evice
[   39.608152] clocksource: acpi_pm: mask: 0xffffff max_cycles: 0xffffff, max_idle_ns: 2085701024 ns
[   39.762705] NET: Registered protocol family 2
[   39.810500] TCP established hash table entries: 16384 (order: 5, 131072 bytes)
[   39.961496] TCP bind hash table entries: 16384 (order: 6, 262144 bytes)
[   39.998195] TCP: Hash tables configured (established 16384 bind 16384)
[   39.999122] UDP hash table entries: 1024 (order: 3, 32768 bytes)
[   39.999960] UDP-Lite hash table entries: 1024 (order: 3, 32768 bytes)
[   40.000888] NET: Registered protocol family 1
[   40.050432] pci 0000:00:00.0: Limiting direct PCI/PCI transfers
[   40.217956] pci 0000:00:01.0: Activating ISA DMA hang workarounds
[   40.265143] Unpacking initramfs...
[ 40503859Frininrdemy:154K[ 41225]laorrt_cosrestedlaorm C evic(nPNdeceou)  1.32] anngfo l mmoy orrutin er 60 ecds[ 42176]scReneTSclksrccabrio 24.6 z
[   43.5204]clckur: c:as 0ffffffff m_cle 09d7ba9ma_ie_: 079510 n

ÿ[  3.15] ud: itlingetnkubs isle
[   43.531522] audit: type=2000 audit(1513593407.945:1): initialized
[   43.531716] Initialise system trusted keyring
[   43.531783] HugeTLB registered 2 MB page size, pre-allocated 0 pages
[   43.533021] zbud: loaded
[   43.533202] VFS: Disk quotas dquot_6.6.0
[   43.533231] VFS: Dquot-cache hash table entries: 512 (order 0, 4096 bytes)
[   43.533470] squashfs: version 4.0 (2009/01/31) Phillip Lougher
[   43.533665] fuse init (API version 7.23)
[   43.533770] Key type big_key registered
[   43.533785] Allocating IMA MOK and blacklist keyrings.
[   43.533961] Key type asymmetric registered
[   43.533966] Asymmetric key parser 'x509' registered
[   43.534002] Block layer SCSI generic (bsg) driver version 0.4 loaded (major 249)
[   43.537012] io scheduler noop registered
[   43.537014] io scheduler deadline registered (default)
[   43.537044] io scheduler cfq registered
[   43.537120] pci_hotplug: PCI Hot Plug PCI Core version: 0.5
[   43.537123] pciehp: PCI Express Hot Plug Controller Driver version: 0.4
[   43.537300] ACPI: AC Adapter [AC] (off-line)
[   43.537340] input: Power Button as /devices/LNXSYSTM:00/LNXPWRBN:00/input/input0
[   43.537345] ACPI: Power Button [PWRF]
[   43.537401] input: Sleep Button as /devices/LNXSYSTM:00/LNXSLPBN:00/input/input1
[   43.537402] ACPI: Sleep Button [SLPF]
[   43.537509] GHES: HEST is not enabled!
[   43.537578] Serial: 8250/16550 driver, 32 ports, IRQ sharing enabled
[   44.762555] 00:02: ttyS0 at I/O 0x3f8 (irq = 4, base_baud = 115200) is a 16550A
[   45.464339] Linux agpgart interface v0.103
[   45.556808] ACPI: Battery Slot [BAT0] (battery present)
[   45.570040] loop: module loaded
[   45.570592] scsi host0: ata_piix
[   45.570650] scsi host1: ata_piix
[   45.570684] ata1: PATA max UDMA/33 cmd 0x1f0 ctl 0x3f6 bmdma 0xd000 irq 14
[   45.570685] ata2: PATA max UDMA/33 cmd 0x170 ctl 0x376 bmdma 0xd008 irq 15
[   45.570776] libphy: Fixed MDIO Bus: probed
[   45.570778] tun: Universal TUN/TAP device driver, 1.6
[   45.570779] tun: (C) 1999-2004 Max Krasnyansky <maxk@qualcomm.com>
[   45.571050] PPP generic driver version 2.4.2
[   45.571104] ehci_hcd: USB 2.0 'Enhanced' Host Controller (EHCI) Driver
[   45.571108] ehci-pci: EHCI PCI platform driver
[   45.571122] ehci-platform: EHCI generic platform driver
[   45.571130] ohci_hcd: USB 1.1 'Open' Host Controller (OHCI) Driver
[   45.571133] ohci-pci: OHCI PCI platform driver
[   45.571141] ohci-platform: OHCI generic platform driver
[   45.571149] uhci_hcd: USB Universal Host Controller Interface driver
[   45.571198] i8042: PNP: PS/2 Controller [PNP0303:PS2K,PNP0f03:PS2M] at 0x60,0x64 irq 1,12
[   45.594017] serio: i8042 KBD port at 0x60,0x64 irq 1
[   45.594026] serio: i8042 AUX port at 0x60,0x64 irq 12
[   45.594186] mousedev: PS/2 mouse device common for all mice
[   45.594527] rtc_cmos rtc_cmos: rtc core: registered rtc_cmos as rtc0
[   45.594588] rtc_cmos rtc_cmos: alarms up to one day, 114 bytes nvram
[   45.594596] i2c /dev entries driver
[   45.594655] device-mapper: uevent: version 1.0.3
[   45.594713] device-mapper: ioctl: 4.34.0-ioctl (2015-10-28) initialised: dm-devel@redhat.com
[   45.594729] ledtrig-cpu: registered to indicate activity on CPUs
[   45.595055] NET: Registered protocol family 10
[   45.595220] NET: Registered protocol family 17
[   45.595230] Key type dns_resolver registered
[   45.606100] microcode: CPU0 sig=0x806e9, pf=0x8, revision=0x0
[   45.606173] microcode: CPU1 sig=0x806e9, pf=0x8, revision=0x0
[   45.606243] microcode: Microcode Update Driver: v2.01 <tigran@aivazian.fsnet.co.uk>, Peter Oruba
[   45.606391] registered taskstats version 1
[   45.606409] Loading compiled-in X.509 certificates
[   45.607113] Loaded X.509 cert 'Build time autogenerated kernel key: 8537ad706776f532219d7336343c968b9f82f7c7'
[   45.607139] zswap: loaded using pool lzo/zbud
[   45.608529] Key type trusted registered
[   45.611091] Key type encrypted registered
[   45.611098] AppArmor: AppArmor sha1 policy hashing enabled
[   45.611101] ima: No TPM chip found, activating TPM-bypass!
[   45.611120] evm: HMMC attrs: 0x1
[   45.611379]   Magic number: 13:31:629
[   45.625254] rtc_cmos rtc_cmos: setting system clock to 2017-12-18 10:37:23 UTC (1513593443)
[   45.625452] BIOS EDD facility v0.16 2004-Jun-25, 0 devices found
[   45.625452] EDD information not available.
[   46.043734] input: AT Translated Set 2 keyboard as /devices/platform/i8042/serio0/input/input2
[   51.494777] Freeing unused kernel memory: 1492K
[   51.608170] Write protecting the kernel read-only data: 14336k
[   51.753272] Freeing unused kernel memory: 1744K
[   51.880201] Freeing unused kernel memory: 108K
Loading, please [   51.972750] random: systemd-udevd: uninitialized urandom read (16 bytes read, 5 bits of entropy available)
wait...
startin[   51.973614] random: udevadm: uninitialized urandom read (16 bytes read, 5 bits of entropy available)
g version 229
[   51.973637] random: udevadm: uninitialized urandom read (16 bytes read, 5 bits of entropy available)
[   51.982306] random: udevadm: uninitialized urandom read (16 bytes read, 5 bits of entropy available)
[   51.982350] random: udevadm: uninitialized urandom read (16 bytes read, 5 bits of entropy available)
[   51.982491] random: udevadm: uninitialized urandom read (16 bytes read, 5 bits of entropy available)
[   51.982541] random: udevadm: uninitialized urandom read (16 bytes read, 5 bits of entropy available)
[   51.982592] random: udevadm: uninitialized urandom read (16 bytes read, 5 bits of entropy available)
[   51.982644] random: udevadm: uninitialized urandom read (16 bytes read, 5 bits of entropy available)
[   51.982744] random: udevadm: uninitialized urandom read (16 bytes read, 5 bits of entropy available)
[   52.789396] e1000: Intel(R) PRO/1000 Network Driver - version 7.3.21-k8-NAPI
[   52.879701] e1000: Copyright (c) 1999-2006 Intel Corporation.
[   52.961750] Fusion MPT base driver 3.04.20
[   52.980652] Copyright (c) 1999-2008 LSI Corporation
[   53.010000] AVX2 version of gcm_enc/dec engaged.
[   53.041366] AES CTR mode by8 optimization enabled
[   53.059142] Fusion MPT SPI Host driver 3.04.20
[   53.198232] input: ImExPS/2 Generic Explorer Mouse as /devices/platform/i8042/serio1/input/input4
[   53.421774] e1000 0000:00:03.0 eth0: (PCI:33MHz:32-bit) 02:53:17:3c:de:80
[   53.603038] e1000 0000:00:03.0 eth0: Intel(R) PRO/1000 Network Connection
[   53.733397] mptbase: ioc0: Initiating bringup
[   54.595488] ioc0: LSI53C1030 A0: Capabilities={Initiator}
[   55.890602] floppy0: no floppy controllers found
[   55.953631] scsi host2: ioc0: LSI53C1030 A0, FwRev=00000000h, Ports=1, MaxQ=256, IRQ=20
[   56.565875] scsi 2:0:0:0: Direct-Access     VBOX     HARDDISK         1.0  PQ: 0 ANSI: 5
[   56.618451] scsi target2:0:0: Beginning Domain Validation
[   56.675872] scsi target2:0:0: Domain Validation skipping write tests
[   56.713509] scsi target2:0:0: Ending Domain Validation
[   56.722185] scsi target2:0:0: asynchronous
[   56.724598] scsi 2:0:1:0: Direct-Access     VBOX     HARDDISK         1.0  PQ: 0 ANSI: 5
[   56.736815] scsi target2:0:1: Beginning Domain Validation
[   56.741514] scsi target2:0:1: Domain Validation skipping write tests
[   56.807371] scsi target2:0:1: Ending Domain Validation
[   56.823259] scsi target2:0:1: asynchronous
[   56.841686] sd 2:0:0:0: Attached scsi generic sg0 type 0
[   56.858526] sd 2:0:0:0: [sda] 20971520 512-byte logical blocks: (10.7 GB/10.0 GiB)
[   56.861633] sd 2:0:0:0: [sda] Write Protect is off
[   56.863822] sd 2:0:0:0: [sda] Incomplete mode parameter data
[   56.866979] sd 2:0:0:0: [sda] Assuming drive cache: write through
[   56.895840] sd 2:0:1:0: Attached scsi generic sg1 type 0
[   56.921099] sd 2:0:1:0: [sdb] 20480 512-byte logical blocks: (10.5 MB/10.0 MiB)
[   56.929727] e1000 0000:00:08.0 eth1: (PCI:33MHz:32-bit) 08:00:27:be:6c:d9
[   56.929735] e1000 0000:00:08.0 eth1: Intel(R) PRO/1000 Network Connection
[   56.986260] e1000 0000:00:03.0 enp0s3: renamed from eth0
[   56.992432]  sda: sda1
[   56.992786] sd 2:0:0:0: [sda] Attached SCSI disk
[   57.285576] sd 2:0:1:0: [sdb] Write Protect is off
[   57.303257] sd 2:0:1:0: [sdb] Incomplete mode parameter data
[   57.660545] sd 2:0:1:0: [sdb] Assuming drive cache: write through
[   57.709766] e1000 0000:00:08.0 enp0s8: renamed from eth1
[   57.822484] sd 2:0:1:0: [sdb] Attached SCSI disk
Begin: Loading e[   59.201304] md: linear personality registered for level -1
ssential drivers ... [   59.293331] md: multipath personality registered for level -4
[   59.352274] md: raid0 personality registered for level 0
[   59.401461] md: raid1 personality registered for level 1
[   59.493655] raid6: sse2x1   gen() 10027 MB/s
[   59.653447] raid6: sse2x1   xor()  8499 MB/s
[   59.813125] raid6: sse2x2   gen() 14277 MB/s
[   59.981746] raid6: sse2x2   xor()  5807 MB/s
[   60.125717] raid6: sse2x4   gen() 15329 MB/s
[   60.277628] raid6: sse2x4   xor() 10623 MB/s
[   60.445150] raid6: avx2x1   gen() 19785 MB/s
[   60.549211] raid6: avx2x2   gen() 20876 MB/s
[   60.729288] raid6: avx2x4   gen() 27006 MB/s
[   60.798378] raid6: using algorithm avx2x4 gen() 27006 MB/s
[   60.936984] raid6: using avx2x2 recovery algorithm
[   61.043432] xor: automatically using best checksumming function:
[   61.221313]    avx       : 23202.000 MB/sec
[   61.274113] async_tx: api initialized (async)
[   61.364250] md: raid6 personality registered for level 6
[   61.467205] md: raid5 personality registered for level 5
[   61.510986] md: raid4 personality registered for level 4
[   61.612835] md: raid10 personality registered for level 10
done.
Begin: Running /scripts/init-premount ... done[   61.659150] Btrfs loaded
.
Begin: Mounting root file sys[   61.768632] EXT4-fs (sda1): mounted filesystem with ordered data mode. Opts: (null)
tem ... Begin: Running /scripts/local-top ... done.
Begin: Running /scripts/local-premount ... Scanning for Btrfs filesystems
done.
Warning: fsck not present, so skipping root file system
done.
Begin: Running /scripts/local-bottom ... done.
Begin: Running /scripts/init-bottom ... done.
[   62.230844] systemd[1]: systemd 229 running in system mode. (+PAM +AUDIT +SELINUX +IMA +APPARMOR +SMACK +SYSVINIT +UTMP +LIBCRYPTSETUP +GCRYPT +GNUTLS +ACL +XZ -LZ4 +SECCOMP +BLKID +ELFUTILS +KMOD -IDN)
[   62.545080] systemd[1]: Detected virtualization oracle.
[   62.599387] systemd[1]: Detected architecture x86-64.

Welcome to [1mUbuntu 16.04.3 LTS[0m!

[   62.662784] systemd[1]: Set hostname to <ubuntu-xenial>.
[   62.866193] random: nonblocking pool is initialized
[   62.981138] systemd[1]: Listening on udev Control Socket.
[[0;32m  OK  [0m] Listening on udev Control Socket.
[   63.185549] systemd[1]: Listening on Journal Socket.
[[0;32m  OK  [0m] Listening on Journal Socket.
[   63.313714] systemd[1]: Reached target Encrypted Volumes.
[[0;32m  OK  [0m] Reached target Encrypted Volumes.
[   63.477686] systemd[1]: Listening on Journal Audit Socket.
[[0;32m  OK  [0m] Listening on Journal Audit Socket.
[   63.646269] systemd[1]: Reached target User and Group Name Lookups.
[[0;32m  OK  [0m] Reached target User and Group Name Lookups.
[   63.844330] systemd[1]: Listening on /dev/initctl Compatibility Named Pipe.
[[0;32m  OK  [0m] Listening on /dev/initctl Compatibility Named Pipe.
[   64.071193] systemd[1]: Created slice User and Session Slice.
[[0;32m  OK  [0m] Created slice User and Session Slice.
[   64.301597] systemd[1]: Listening on LVM2 poll daemon socket.
[[0;32m  OK  [0m] Listening on LVM2 poll daemon socket.
[   64.417696] systemd[1]: Listening on Journal Socket (/dev/log).
[[0;32m  OK  [0m] Listening on Journal Socket (/dev/log).
[   64.633486] systemd[1]: Listening on udev Kernel Socket.
[[0;32m  OK  [0m] Listening on udev Kernel Socket.
[   64.745910] systemd[1]: Listening on Syslog Socket.
[[0;32m  OK  [0m] Listening on Syslog Socket.
[   64.794884] systemd[1]: Set up automount Arbitrary Executable File Formats File System Automount Point.
[[0;32m  OK  [0m] Set up automount Arbitrary Executab...ats File System Automount Point.
[   65.018082] systemd[1]: Created slice System Slice.
[[0;32m  OK  [0m] Created slice System Slice.
[   65.101420] systemd[1]: Starting Nameserver information manager...
         Starting Nameserver information manager...
[   65.282681] systemd[1]: Starting Load Kernel Modules...
[   .359] adg CS traspt asv2-8.          Startin[   65.890959] iscsi: registered transport (tcp)
g Load Kernel Modules...
[   66.065875] systemd[1]: Starting Uncomplicated firewall...
[   661525isi: registeredrapo (er

         Starting Uncomplicated firewall...
[   66.621947] systemd[1]: Reached target Swap.
[[0;32m  OK  [0m] Reached target Swap.
[   66.713641] systemd[1]: Listening on LVM2 metadata daemon socket.
[[0;32m  OK  [0m] Listening on LVM2 metadata daemon socket.
[   66.871644] systemd[1]: Started Trigger resolvconf update for networkd DNS.
[[0;32m  OK  [0m] Started Trigger resolvconf update for networkd DNS.
[   67.121757] systemd[1]: Starting Remount Root and Kernel File Systems...
[   67.133202] EXT4-fs (sda1): re-mounted. Opts: (null)
         Starting Remount Root and Kernel File Systems...
[   67.401299] systemd[1]: Mounting Huge Pages File System...
         Mounting Huge Pages File System...
[   67.553823] systemd[1]: Starting Set console keymap...
         Starting Set console keymap...
[   67.686010] systemd[1]: Created slice system-serial\x2dgetty.slice.
[[0;32m  OK  [0m] Created slice system-serial\x2dgetty.slice.
[   67.809809] systemd[1]: Starting Create list of required static device nodes for the current kernel...
         Starting Create list of required st... nodes for the current kernel...
[   68.041467] systemd[1]: Starting Journal Service...
         Starting Journal Service...
[   68.157297] systemd[1]: Mounting POSIX Message Queue File System...
         Mounting POSIX Message Queue File System...
[   68.346108] systemd[1]: Listening on Device-mapper event daemon FIFOs.
[[0;32m  OK  [0m] Listening on Device-mapper event daemon FIFOs.
[   68.501466] systemd[1]: Starting Monitoring of LVM2 mirrors, snapshots etc. using dmeventd or progress polling...
         Starting Monitoring of LVM2 mirrors... dmeventd or progress polling...
[   68.778191] systemd[1]: Mounting Debug File System...
         Mounting Debug File System...
[   68.933565] systemd[1]: Started Forward Password Requests to Wall Directory Watch.
[[0;32m  OK  [0m] Started Forward Password Requests to Wall Directory Watch.
[   69.049394] systemd[1]: Reached target Slices.
[[0;32m  OK  [0m] Reached target Slices.
[   69.182211] systemd[1]: Mounted Huge Pages File System.
[[0;32m  OK  [0m] Mounted Huge Pages File System.
[   69.305443] systemd[1]: Mounted Debug File System.
[[0;32m  OK  [0m] Mounted Debug File System.
[   69.433977] systemd[1]: Mounted POSIX Message Queue File System.
[[0;32m  OK  [0m] Mounted POSIX Message Queue File System.
[   69.619044] systemd[1]: Started Journal Service.
[[0;32m  OK  [0m] Started Journal Service.
[[0;32m  OK  [0m] Started Load Kernel Modules.
[[0;32m  OK  [0m] Started Uncomplicated firewall.
[[0;32m  OK  [0m] Started Remount Root and Kernel File Systems.
[[0;32m  OK  [0m] Started Set console keymap.
[[0;32m  OK  [0m] Started Create list of required sta...ce nodes for the current kernel.
[[0;32m  OK  [0m] Started Nameserver information manager.
[[0;32m  OK  [0m] Started LVM2 metadata daemon.
         Starting Create Static Device Nodes in /dev...
         Starting Initial cloud-init job (pre-networking)...
         Starting Load/Save Random Seed...
         Starting udev Coldplug all Devices...
         Starting Apply Kernel Variables...
         Mounting FUSE Control File System...
         Starting Flush Journal to Persistent Storage...
[[0;32m  OK  [0m] Mounted FUSE Control File System.
[[0;32m  OK  [0m] Started Monitoring of LVM2 mirrors,...ng dmeventd or progress polling.
[[0;32m  OK  [0m] Started Create Static Device Nodes in /dev.
[[0;32m  OK  [0m] Started Load/Save Random Seed.
[[0;32m  OK  [0m] Started Apply Kernel Variables.
[[0;32m  OK  [0m] Started udev Coldplug all Devices.
[[0;32m  OK  [0m] Started Flush Journal to Persistent Storage.
[   33.767995] cloud-init[452]: Cloud-init v. 0.7.9 running 'init-local' at Mon, 18 Dec 2017 10:37:48 +0000. Up 33.55 seconds.
[[0;32m  OK  [0m] Started Initial cloud-init job (pre-networking).
[[0;32m  OK  [0m] Reached target Network (Pre).
         Starting udev Kernel Device Manager...
[[0;32m  OK  [0m] Started udev Kernel Device Manager.
[[0;32m  OK  [0m] Started Dispatch Password Requests to Console Directory Watch.
[[0;32m  OK  [0m] Reached target Local File Systems (Pre).
[[0;32m  OK  [0m] Reached target Local File Systems.
         Starting Set console font and keymap...
         Starting Tell Plymouth To Write Out Runtime Data...
         Starting Create Volatile Files and Directories...
         Starting LSB: AppArmor initialization...
[[0;32m  OK  [0m] Started Tell Plymouth To Write Out Runtime Data.
[[0;32m  OK  [0m] Started Set console font and keymap.
[[0;32m  OK  [0m] Started Create Volatile Files and Directories.
[[0;32m  OK  [0m] Found device /dev/ttyS0.
[[0;32m  OK  [0m] Listening on Load/Save RF Kill Switch Status /dev/rfkill Watch.
         Starting Update UTMP about System Boot/Shutdown...
[[0;32m  OK  [0m] Reached target System Time Synchronized.
[[0;32m  OK  [0m] Created slice system-getty.slice.
[[0;32m  OK  [0m] Started LSB: AppArmor initialization.
[[0;32m  OK  [0m] Started ifup for enp0s8.
[[0;32m  OK  [0m] Started ifup for enp0s3.
         Starting Raise network interfaces...
[[0;32m  OK  [0m] Started Update UTMP about System Boot/Shutdown.
[[0;32m  OK  [0m] Started Raise network interfaces.
[[0;32m  OK  [0m] Reached target Network.
         Starting Initial cloud-init job (metadata service crawler)...
[   38.115651] cloud-init[1054]: Cloud-init v. 0.7.9 running 'init' at Mon, 18 Dec 2017 10:37:53 +0000. Up 37.81 seconds.
[   38.268767] cloud-init[[1054]: [0;32m  OK  [0mci-info: ++++++++++++++++++++++++++++++++++++++Net device info++++++++++++++++++++++++++++++++++++++] 
Started Initial cloud-init job (metadata service crawler).
[   38.269436] cloud-init[1054]: ci-info: +--------+------+-----------------------------+---------------+-------+-------------------+
[   38.672767] [cloud-init[0;32m  OK  [0m[1054]: ] ci-info: | Device |  Up  |           Address           |      Mask     | Scope |     Hw-Address    |Reached target System Initialization.

[   38.932486] [cloud-init[0;32m  OK  [0m[1054]: ] ci-info: +--------+------+-----------------------------+---------------+-------+-------------------+Listening on D-Bus System Message Bus Socket.

[   38.932902] [cloud-init[0;32m  OK  [0m[1054]: ] ci-info: | enp0s3 | True |          10.0.2.15          | 255.255.255.0 |   .   | 02:53:17:3c:de:80 |Listening on ACPID Listen Socket.

[   39.136036]          cloud-initStarting Socket activation for snappy daemon.[1054]: 
ci-info: | enp0s3 | True |  fe80::53:17ff:fe3c:de80/64 |       .       |  link | 02:53:17:3c:de:80 |
[   39.568299]          cloud-initStarting LXD - unix socket.[1054]: 
ci-info: |   lo   | True |          127.0.0.1          |   255.0.0.0   |   .   |         .         |
[   39.800917] [cloud-init[0;32m  OK  [0m[1054]: ] ci-info: |   lo   | True |           ::1/128           |       .       |  host |         .         |Started ACPI Events Check.

[   40.061653] [cloud-init[0;32m  OK  [0m[1054]: ] ci-info: | enp0s8 | True |        192.168.33.10        | 255.255.255.0 |   .   | 08:00:27:be:6c:d9 |Reached target Paths.

[   40.063851] cloud-init[1054]: ci-info: | enp0s8 | True | fe80::a00:27ff:febe:6cd9/64 |       .       |  link | 08:00:27:be:6c:d9 |
[   40.456479] [cloud-init[0;32m  OK  [0m[1054]: ] ci-info: +--------+------+-----------------------------+---------------+-------+-------------------+Started Timer to automatically refresh installed snaps.

[   40.741019] [cloud-init[0;32m  OK  [0m[1054]: ] ci-info: ++++++++++++++++++++++++++++Route IPv4 info++++++++++++++++++++++++++++Listening on UUID daemon activation socket.

[   40.742830] [cloud-init[0;32m  OK  [0m[1054]: ] ci-info: +-------+--------------+----------+---------------+-----------+-------+Started Daily Cleanup of Temporary Directories.

[   41.253737] [cloud-init[0;32m  OK  [0m[1054]: ] ci-info: | Route | Destination  | Gateway  |    Genmask    | Interface | Flags |Reached target Network is Online.

[   41.255599] cloud-init[1054]: ci-info: +-------+--------------+----------+---------------+-----------+-------+
[   41.584250]          cloud-initStarting iSCSI initiator daemon (iscsid)...[1054]: 
ci-info: |   0   |   0.0.0.0    | 10.0.2.2 |    0.0.0.0    |   enp0s3  |   UG  |
[   41.784805] [cloud-init[0;32m  OK  [0m[1054]: ] ci-info: |   1   |   10.0.2.0   | 0.0.0.0  | 255.255.255.0 |   enp0s3  |   U   |Started Daily apt download activities.

[   42.192511] [cloud-init[0;32m  OK  [0m[1054]: ] ci-info: |   2   | 192.168.33.0 | 0.0.0.0  | 255.255.255.0 |   enp0s8  |   U   |Started Daily apt upgrade and clean activities.

[[0;32m  OK  [0m] Reached target Timers.
[[0;32m  OK  [0m] Reached target Cloud-config availability.
[   42.192830] cloud-init[1054]: ci-info: +-------+--------------+----------+---------------+-----------+-------+
[[0;32m  OK  [0m] Listening on Socket activation for snappy daemon.
[[0;32m  OK  [0m] Listening on LXD - unix socket.
[[0;32m  OK  [0m] Started iSCSI initiator daemon (iscsid).
         Starting Login to default iSCSI targets...
[[0;32m  OK  [0m] Reached target Sockets.
[[0;32m  OK  [0m] Reached target Basic System.
         Starting Login Service...
[[0;32m  OK  [0m] Started ACPI event daemon.
[[0;32m  OK  [0m] Started Unattended Upgrades Shutdown.
[[0;32m  OK  [0m] Started D-Bus System Message Bus.
         Starting LXD - container startup/shutdown...
[[0;32m  OK  [0m] Started Regular background program processing daemon.
[[0;32m  OK  [0m] Started FUSE filesystem for LXC.
         Starting LSB: MD monitoring daemon...
         Starting OpenBSD Secure Shell server...
         Starting LSB: Record successful boot for GRUB...
         Starting Snappy daemon...
         Starting System Logging Service...
         Starting /etc/rc.local Compatibility...
         Starting Apply the settings specified in cloud-config...
         Starting Accounts Service...
[[0;32m  OK  [0m] Started Deferred execution scheduler.
[[0;32m  OK  [0m] Started OpenBSD Secure Shell server.
[[0;32m  OK  [0m] Started System Logging Service.
[[0;32m  OK  [0m] Started Snappy daemon.
[[0;32m  OK  [0m] Started LXD - container startup/shutdown.
[[0;32m  OK  [0m] Started /etc/rc.local Compatibility.
[   44.419683] cloud-init[1163]: Cloud-init v. 0.7.9 running 'modules:config' at Mon, 18 Dec 2017 10:37:59 +0000. Up 44.30 seconds.
[[0;32m  OK  [0m] Started Login to default iSCSI targets.
[[0;32m  OK  [0m] Started Apply the settings specified in cloud-config.
[[0;32m  OK  [0m] Started LSB: Record successful boot for GRUB.
[[0;32m  OK  [0m] Started LSB: MD monitoring daemon.
[[0;32m  OK  [0m] Started Login Service.
         Starting Authenticate and Authorize Users to Run Privileged Tasks...
[[0;32m  OK  [0m] Reached target Remote File Systems (Pre).
[[0;32m  OK  [0m] Reached target Remote File Systems.
         Starting LSB: daemon to balance interrupts for SMP systems...
         Starting LSB: automatic crash report generation...
         Starting LSB: VirtualBox Linux Additions...
         Starting Permit User Sessions...
         Starting LSB: Set the CPU Frequency Scaling governor to "ondemand"...
[[0;32m  OK  [0m] Started Permit User Sessions.
[[0;32m  OK  [0m] Started Authenticate and Authorize Users to Run Privileged Tasks.
[[0;32m  OK  [0m] Started Accounts Service.
         Starting Hold until boot process finishes up...
         Starting Terminate Plymouth Boot Screen...
[[0;32m  OK  [0m] Started LSB: daemon to balance interrupts for SMP systems.
[[0;32m  OK  [0m] Started LSB: automatic crash report generation.
[[0;32m  OK  [0m] Started LSB: VirtualBox Linux Additions.
[[0;32m  OK  [0m] Started LSB: Set the CPU Frequency Scaling governor to "ondemand".
[[0;32m  OK  [0m] Started Hold until boot process finishes up.
[[0;32m  OK  [0m] Started Terminate Plymouth Boot Screen.
[[0;32m  OK  [0m] Started Getty on tty1.
         Starting Set console scheme...
[[0;32m  OK  [0m] Started Serial Getty on ttyS0.
[[0;32m  OK  [0m] Reached target Login Prompts.
[[0;32m  OK  [0m] Reached target Multi-User System.
         Starting Execute cloud user/final scripts...
[[0;32m  OK  [0m] Reached target Graphical Interface.
         Starting Update UTMP about System Runlevel Changes...
[[0;32m  OK  [0m] Started Set console scheme.
[[0;32m  OK  [0m] Started Update UTMP about System Runlevel Changes.
[[0;32m  OK  [0m] Created slice User Slice of ubuntu.
[   46.854375] cloud-init[1274]: Cloud-init v. 0.7.9 running 'modules:final' at Mon, 18 Dec 2017 10:38:02 +0000. Up 46.73 seconds.
[   47.084560] cloud-init[1274]: Cloud-init v. 0.7.9 finished at Mon, 18 Dec 2017 10:38:02 +0000. Datasource DataSourceNoCloud [seed=/dev/sdb][dsmode=net].  Up 46.84 seconds
[[0;32m  OK  [0m] Started Session 1 of user ubuntu.
         Starting User Manager for UID 1000...
[[0;32m  OK  [0m] Started User Manager for UID 1000.
[[0;32m  OK  [0m] Started Execute cloud user/final scripts.
[[0;32m  OK  [0m] Reached target Cloud-init target.

Ubuntu 16.04.3 LTS ubuntu-xenial ttyS0

ubuntu-xenial login: [[0;32m  O[[[0;32m  OK  [0m] Stopped target System Time Synchronized.
[[0;32m  OK  [0m] Stopped Apply the settings specified in cloud-config.
[[0;32m  OK  [0m] Stopped target Cloud-config availability.
         Stopping System Logging Service...
[[0;32m  OK  [0m] Closed Load/Save RF Kill Switch Status /dev/rfkill Watch.
         Stopping Authenticate and Authorize Users to Run Privileged Tasks...
         Stopping Accounts Service...
         Stopping LSB: MD monitoring daemon...
         Stopping LXD - container startup/shutdown...
         Stopping ACPI event daemon...
         Stopping LSB: automatic crash report generation...
[[0;32m  OK  [0m] Unmounted /var/lib/lxcfs.
[[0;32m  OK  [0m] Stopped ACPI event daemon.
[[0;32m  OK  [0m] Stopped Regular background program processing daemon.
[[0;32m  OK  [0m] Stopped OpenBSD Secure Shell server.
[[0;32m  OK  [0m] Stopped Snappy daemon.
[[0;32m  OK  [0m] Stopped System Logging Service.
[[0;32m  OK  [0m] Stopped Accounts Service.
[[0;32m  OK  [0m] Stopped Deferred execution scheduler.
[[0;32m  OK  [0m] Stopped Authenticate and Authorize Users to Run Privileged Tasks.
[[0;32m  OK  [0m] Stopped Getty on tty1.
[[0;32m  OK  [0m] Stopped Serial Getty on ttyS0.
[[0;32m  OK  [0m] Stopped User Manager for UID 1000.
[[0;32m  OK  [0m] Stopped Unattended Upgrades Shutdown.
[[0;32m  OK  [0m] Stopped Session 5 of user ubuntu.
[[0;32m  OK  [0m] Stopped D-Bus System Message Bus.
[[0;32m  OK  [0m] Stopped FUSE filesystem for LXC.
[[0;32m  OK  [0m] Stopped LSB: daemon to balance interrupts for SMP systems.
[[0;32m  OK  [0m] Stopped LSB: Set the CPU Frequency Scaling governor to "ondemand".
[[0;32m  OK  [0m] Stopped LSB: Record successful boot for GRUB.
[[0;32m  OK  [0m] Stopped LSB: MD monitoring daemon.
[[0;32m  OK  [0m] Stopped LSB: VirtualBox Linux Additions.
[[0;32m  OK  [0m] Stopped LXD - container startup/shutdown.
[[0;32m  OK  [0m] Stopped LSB: automatic crash report generation.
[[0;32m  OK  [0m] Removed slice User Slice of ubuntu.
         Stopping Login Service...
[[0;32m  OK  [0m] Removed slice system-serial\x2dgetty.slice.
[[0;32m  OK  [0m] Removed slice system-getty.slice.
         Stopping Permit User Sessions...
[[0;32m  OK  [0m] Stopped /etc/rc.local Compatibility.
[[0;32m  OK  [0m] Stopped Login Service.
[[0;32m  OK  [0m] Stopped Permit User Sessions.
[[0;32m  OK  [0m] Stopped target Remote File Systems.
[[0;32m  OK  [0m] Stopped target Remote File Systems (Pre).
         Stopping Login to default iSCSI targets...
[[0;32m  OK  [0m] Stopped target Basic System.
[[0;32m  OK  [0m] Stopped target Paths.
[[0;32m  OK  [0m] Stopped Forward Password Requests to Wall Directory Watch.
[[0;32m  OK  [0m] Stopped Dispatch Password Requests to Console Directory Watch.
[[0;32m  OK  [0m] Stopped ACPI Events Check.
[[0;32m  OK  [0m] Stopped target Slices.
[[0;32m  OK  [0m] Stopped target Sockets.
[[0;32m  OK  [0m] Closed ACPID Listen Socket.
[[0;32m  OK  [0m] Closed Socket activation for snappy daemon.
[[0;32m  OK  [0m] Closed UUID daemon activation socket.
[[0;32m  OK  [0m] Closed LXD - unix socket.
[[0;32m  OK  [0m] Closed Syslog Socket.
[[0;32m  OK  [0m] Closed D-Bus System Message Bus Socket.
[[0;32m  OK  [0m] Stopped target System Initialization.
[[0;32m  OK  [0m] Stopped target Swap.
         Stopping Update UTMP about System Boot/Shutdown...
         Stopping Load/Save Random Seed...
[[0;32m  OK  [0m] Stopped target Encrypted Volumes.
[[0;32m  OK  [0m] Stopped target User and Group Name Lookups.
[[0;32m  OK  [0m] Removed slice User and Session Slice.
[[0;32m  OK  [0m] Stopped Load/Save Random Seed.
[[0;32m  OK  [0m] Stopped Update UTMP about System Boot/Shutdown.
[[0;32m  OK  [0m] Stopped Login to default iSCSI targets.
         Stopping iSCSI initiator daemon (iscsid)...
[[0;32m  OK  [0m] Stopped Create Volatile Files and Directories.
[[0;32m  OK  [0m] Stopped iSCSI initiator daemon (iscsid).
[[0;32m  OK  [0m] Stopped target Network is Online.
[[0;32m  OK  [0m] Stopped Initial cloud-init job (metadata service crawler).
[[0;32m  OK  [0m] Stopped target Network.
         Stopping Raise network interfaces...
[[0;32m  OK  [0m] Stopped Raise network interfaces.
[[0;32m  OK  [0m] Stopped target Local File Systems.
         Unmounting /vagrant...
         Unmounting /run/user/1000...
[[0;32m  OK  [0m] Stopped Apply Kernel Variables.
[[0;32m  OK  [0m] Stopped Load Kernel Modules.
[[0;32m  OK  [0m] Stopped target Network (Pre).
[[0;32m  OK  [0m] Stopped Initial cloud-init job (pre-networking).
[[0;32m  OK  [0m] Unmounted /vagrant.
[[0;32m  OK  [0m] Unmounted /run/user/1000.
[[0;32m  OK  [0m] Reached target Unmount All Filesystems.
[[0;32m  OK  [0m] Stopped target Local File Systems (Pre).
         Stopping Monitoring of LVM2 mirrors... dmeventd or progress polling...
[[0;32m  OK  [0m] Stopped Remount Root and Kernel File Systems.
[[0;32m  OK  [0m] Stopped Create Static Device Nodes in /dev.
[[0;32m  OK  [0m] Reached target Shutdown.
[ 13436]reboot: Perow

